2024-12-16 16:52:33,975 - INFO - Инициализация ParentControl.
2024-12-16 16:52:40,610 - INFO - Инициализация ParentControl.
2024-12-16 16:52:59,065 - INFO - Добавлен профиль: Саша
2024-12-16 18:25:10,277 - INFO - Инициализация ParentControl.
2024-12-16 18:25:34,238 - INFO - Добавлен профиль: Саша
2024-12-16 18:25:39,134 - INFO - Выбран профиль: Саша
2024-12-16 18:25:50,156 - INFO - Удалён профиль: Саша
2024-12-16 18:28:41,270 - INFO - Инициализация ParentControl.
2024-12-16 18:28:59,473 - INFO - Добавлен профиль: Саша 
2024-12-16 18:29:22,660 - INFO - Инициализация ParentControl.
2024-12-16 18:29:33,649 - INFO - Добавлен профиль: Саша
2024-12-16 18:29:37,367 - INFO - Выбран профиль: Саша
2024-12-16 18:29:45,377 - INFO - Удалён профиль: Саша
2024-12-16 18:31:24,368 - INFO - Инициализация ParentControl.
2024-12-16 18:31:55,457 - INFO - Добавлен профиль: Саша
2024-12-16 18:32:00,397 - INFO - Удалён профиль: Саша
2024-12-16 18:34:33,444 - INFO - Инициализация ParentControl.
2024-12-16 18:34:47,747 - INFO - Добавлен профиль: Саша
2024-12-16 18:34:51,745 - INFO - Удалён профиль: Саша
2024-12-16 18:49:35,334 - INFO - Инициализация ParentControl.
2024-12-16 18:51:43,257 - INFO - Инициализация ParentControl.
2024-12-16 18:51:55,854 - INFO - Профиль 'Саша' добавлен.
2024-12-16 18:52:02,653 - INFO - Удалён профиль: Саша
2024-12-16 18:52:16,358 - INFO - Профиль 'Саща' добавлен.
2024-12-16 18:52:39,799 - INFO - Выбран профиль: Саща
2024-12-16 18:52:44,854 - INFO - Удалён профиль: Саща
2024-12-16 19:01:50,234 - INFO - Инициализация ParentControl.
2024-12-16 19:03:54,973 - INFO - Инициализация ParentControl.
2024-12-16 19:04:08,209 - INFO - Профиль 'Саша' добавлен.
2024-12-16 19:04:12,761 - INFO - Удалён профиль: Саша
2024-12-16 19:11:16,497 - INFO - Инициализация ParentControl.
2024-12-16 19:11:32,091 - INFO - Профиль 'Саша' добавлен.
2024-12-16 19:11:38,227 - INFO - Удалён профиль: Саша
2024-12-16 19:15:26,149 - INFO - Инициализация ParentControl.
2024-12-16 19:15:58,488 - INFO - Инициализация ParentControl.
2024-12-16 19:16:36,677 - INFO - Инициализация ParentControl.
2024-12-16 19:16:45,653 - INFO - Профиль 'Саша' добавлен.
2024-12-16 19:16:50,286 - INFO - Удалён профиль: Саша
2024-12-16 19:19:21,895 - INFO - Инициализация ParentControl.
2024-12-16 19:19:29,885 - INFO - Профиль 'Саша' добавлен.
2024-12-16 19:19:34,734 - INFO - Удалён профиль: Саша
2024-12-16 19:21:50,925 - INFO - Инициализация ParentControl.
2024-12-16 19:22:04,652 - INFO - Профиль 'Саша' добавлен.
2024-12-16 19:22:09,373 - INFO - Удалён профиль: Саша
2024-12-16 19:28:41,168 - INFO - Инициализация ParentControl.
2024-12-16 19:28:51,837 - INFO - Профиль 'Саша' добавлен.
2024-12-16 19:28:57,702 - INFO - Удалён профиль: Саша
2024-12-16 19:31:20,669 - INFO - Инициализация ParentControl.
2024-12-16 19:31:33,192 - INFO - Профиль 'Саша' добавлен.
2024-12-16 19:31:39,000 - INFO - Удалён профиль: Саша
2024-12-16 19:32:13,576 - INFO - Инициализация ParentControl.
2024-12-16 19:32:22,770 - INFO - Профиль 'Саша' добавлен.
2024-12-16 19:32:27,815 - INFO - Удалён профиль: Саша
2024-12-16 19:33:30,939 - INFO - Инициализация ParentControl.
2024-12-16 19:33:39,648 - INFO - Профиль 'Саша' добавлен.
2024-12-16 19:33:46,141 - INFO - Профиль 'Саша' удалён.
2024-12-17 12:58:17,360 - INFO - Инициализация ParentControl.
2024-12-17 12:58:28,599 - INFO - Профиль 'Саша' добавлен.
2024-12-17 12:58:38,836 - INFO - Профиль 'Саша' удалён.
2024-12-17 13:06:08,543 - INFO - Инициализация ParentControl.
2024-12-17 13:06:18,610 - INFO - Профиль 'Саша' добавлен.
2024-12-17 13:07:37,863 - INFO - Инициализация ParentControl.
2024-12-17 13:07:47,920 - INFO - Профиль 'Саша' добавлен.
2024-12-17 13:07:54,177 - INFO - Выбран профиль: Саша
