2024-12-16 14:05:39,293 - INFO - Инициализация ParentControl.
2024-12-16 14:05:39,293 - INFO - Сайт habr.com добавлен в список блокировки.
2024-12-16 14:05:39,293 - INFO - Список заблокированных приложений пуст.
2024-12-16 14:05:39,293 - INFO - Заблокированные сайты:
2024-12-16 14:05:39,293 - INFO - - habr.com
2024-12-16 14:05:43,451 - INFO - Приложение ida64.exe добавлено в список блокировки.
2024-12-16 14:05:43,451 - INFO - Запуск мониторинга для блокировки приложений.
2024-12-16 14:06:09,898 - INFO - Мониторинг блокировки приложений завершён.
2024-12-16 14:10:48,806 - INFO - Инициализация ParentControl.
2024-12-16 14:10:48,807 - INFO - Сайт habr.com добавлен в список блокировки.
2024-12-16 14:10:48,808 - INFO - Список заблокированных приложений пуст.
2024-12-16 14:10:48,808 - INFO - Заблокированные сайты:
2024-12-16 14:10:48,808 - INFO - - habr.com
2024-12-16 14:10:52,107 - INFO - Выбор файла отменён пользователем.
2024-12-16 14:10:52,107 - INFO - Запуск мониторинга для блокировки приложений.
2024-12-16 14:13:57,158 - INFO - Мониторинг блокировки приложений завершён.
2024-12-16 14:14:01,170 - INFO - Инициализация ParentControl.
2024-12-16 14:14:01,170 - INFO - Сайт habr.com добавлен в список блокировки.
2024-12-16 14:14:01,170 - INFO - Список заблокированных приложений пуст.
2024-12-16 14:14:01,171 - INFO - Заблокированные сайты:
2024-12-16 14:14:01,171 - INFO - - habr.com
2024-12-16 14:14:02,936 - INFO - Выбор файла отменён пользователем.
2024-12-16 14:14:02,936 - INFO - Запуск мониторинга для блокировки приложений.
2024-12-16 14:14:04,157 - INFO - Мониторинг блокировки приложений завершён.
